<?xml version="1.0" encoding="UTF-8"?>
<!-- Generated by org.testng.reporters.JUnitReportReporter -->
<testsuite hostname="DESKTOP-9IBLFN0" failures="0" tests="1" name="com.swiggy.testscripts.TestRunner" time="48.645" errors="0" timestamp="2022-08-19T22:55:30 IST" skipped="0">
  <testcase classname="com.swiggy.testscripts.TestRunner" name="runScenario" time="48.645"/>
  <system-out/>
</testsuite> <!-- com.swiggy.testscripts.TestRunner -->
